DEBUG:Chroma:Logger created
DEBUG:Chroma:Index not found
DEBUG:Chroma:Index saved to .chroma/index/index.bin
DEBUG:Chroma:Index saved to .chroma/index/index.bin
DEBUG:Chroma:time to pre process our knn query: 2.1457672119140625e-06
DEBUG:Chroma:time to run knn query: 0.00026607513427734375
DEBUG:Chroma:time to pre process our knn query: 9.5367431640625e-07
DEBUG:Chroma:time to run knn query: 0.00026988983154296875
DEBUG:Chroma:Index not found
DEBUG:Chroma:Index saved to .chroma/index/index.bin
DEBUG:Chroma:Index saved to .chroma/index/index.bin
DEBUG:Chroma:time to pre process our knn query: 1.2159347534179688e-05
DEBUG:Chroma:time to run knn query: 0.000225067138671875
DEBUG:Chroma:Index not found
DEBUG:Chroma:Index saved to .chroma/index/index.bin
DEBUG:Chroma:Index saved to .chroma/index/index.bin
DEBUG:Chroma:time to pre process our knn query: 5.9604644775390625e-06
DEBUG:Chroma:time to run knn query: 0.00039005279541015625
DEBUG:Chroma:time to pre process our knn query: 9.059906005859375e-06
DEBUG:Chroma:time to run knn query: 0.0004417896270751953
DEBUG:Chroma:time to pre process our knn query: 1.1920928955078125e-06
DEBUG:Chroma:time to run knn query: 0.00021767616271972656
DEBUG:Chroma:Index not found
DEBUG:Chroma:Index saved to .chroma/index/index.bin
DEBUG:Chroma:Index saved to .chroma/index/index.bin
DEBUG:Chroma:time to pre process our knn query: 9.5367431640625e-07
DEBUG:Chroma:time to run knn query: 0.000225067138671875
DEBUG:Chroma:Index not found
DEBUG:Chroma:Index saved to .chroma/index/index.bin
DEBUG:Chroma:Index saved to .chroma/index/index.bin
DEBUG:Chroma:time to pre process our knn query: 9.5367431640625e-07
DEBUG:Chroma:time to run knn query: 0.00023603439331054688
DEBUG:Chroma:Index not found
DEBUG:Chroma:Index saved to .chroma/index/index.bin
DEBUG:Chroma:Index saved to .chroma/index/index.bin
DEBUG:Chroma:time to pre process our knn query: 9.5367431640625e-07
DEBUG:Chroma:time to run knn query: 0.0002448558807373047
